Base path: /Applications/Unity/Hub/Editor/2018.3.5f1/Unity.app/Contents
Cmd: initializeCompiler
Cmd: translateComputeKernel
  api=14 insize=11297 outsize=22357 ok=1
Cmd: translateComputeKernel
  api=14 insize=5765 outsize=8357 ok=1
Cmd: compileComputeKernel
  api=14 insize=18731 outsize=9953 ok=1
Cmd: translateComputeKernel
  api=14 insize=9637 outsize=16465 ok=1
Cmd: translateComputeKernel
  api=14 insize=11489 outsize=25117 ok=1
Cmd: compileComputeKernel
  api=14 insize=1864 outsize=2001 ok=1
Cmd: compileComputeKernel
  api=14 insize=2120 outsize=1505 ok=1
Cmd: translateComputeKernel
  api=14 insize=1505 outsize=2273 ok=1
Cmd: initializeCompiler

Quitting shader compiler process
